c:\users\welcome\source\repos\1512475_explorer\explorer\debug\explorer.pch
c:\users\welcome\source\repos\1512475_explorer\explorer\debug\vc141.pdb
c:\users\welcome\source\repos\1512475_explorer\explorer\debug\vc141.idb
c:\users\welcome\source\repos\1512475_explorer\explorer\debug\stdafx.obj
c:\users\welcome\source\repos\1512475_explorer\explorer\debug\drive.obj
c:\users\welcome\source\repos\1512475_explorer\explorer\debug\drivesize.obj
c:\users\welcome\source\repos\1512475_explorer\explorer\debug\explorer.obj
c:\users\welcome\source\repos\1512475_explorer\debug\explorer.ilk
c:\users\welcome\source\repos\1512475_explorer\debug\explorer.exe
c:\users\welcome\source\repos\1512475_explorer\debug\explorer.pdb
c:\users\welcome\source\repos\1512475_explorer\explorer\debug\explorer.res
c:\users\welcome\source\repos\1512475_explorer\explorer\debug\explorer.tlog\cl.command.1.tlog
c:\users\welcome\source\repos\1512475_explorer\explorer\debug\explorer.tlog\cl.read.1.tlog
c:\users\welcome\source\repos\1512475_explorer\explorer\debug\explorer.tlog\cl.write.1.tlog
c:\users\welcome\source\repos\1512475_explorer\explorer\debug\explorer.tlog\link.command.1.tlog
c:\users\welcome\source\repos\1512475_explorer\explorer\debug\explorer.tlog\link.read.1.tlog
c:\users\welcome\source\repos\1512475_explorer\explorer\debug\explorer.tlog\link.write.1.tlog
c:\users\welcome\source\repos\1512475_explorer\explorer\debug\explorer.tlog\rc.command.1.tlog
c:\users\welcome\source\repos\1512475_explorer\explorer\debug\explorer.tlog\rc.read.1.tlog
c:\users\welcome\source\repos\1512475_explorer\explorer\debug\explorer.tlog\rc.write.1.tlog
